{
  "RSpec": {
    "coverage": {
      "/Users/inceptor/Projects/wdi-6/10-advanced/fruitstore_app/spec/controllers/fruits_controller_spec.rb": [
        1,
        null,
        1,
        1,
        1,
        24,
        null,
        null,
        1,
        1,
        3,
        null,
        null,
        1,
        1,
        1,
        null,
        null,
        1,
        1,
        1,
        1,
        1,
        null,
        null,
        1,
        1,
        null,
        null,
        null,
        1,
        1,
        3,
        null,
        null,
        1,
        1,
        1,
        null,
        null,
        1,
        1,
        null,
        null,
        1,
        1,
        1,
        1,
        null,
        null,
        null,
        null,
        1,
        1,
        1,
        2,
        null,
        null,
        1,
        null,
        null,
        null,
        1,
        null,
        null,
        null,
        null,
        1,
        1,
        2,
        null,
        null,
        1,
        null,
        null,
        null,
        1,
        null,
        null,
        null,
        null,
        null,
        null,
        null,
        null,
        null,
        null,
        null,
        null,
        null,
        null,
        null,
        null,
        null
      ],
      "/Users/inceptor/Projects/wdi-6/10-advanced/fruitstore_app/spec/rails_helper.rb": [
        null,
        1,
        1,
        1,
        1,
        1,
        null,
        null,
        null,
        null,
        null,
        null,
        null,
        null,
        1,
        null,
        null,
        null,
        1,
        null,
        1,
        null,
        1,
        null,
        null,
        null,
        null,
        1,
        null,
        null,
        null,
        null,
        null,
        null,
        null,
        null,
        null,
        null,
        null,
        null,
        null,
        null,
        1,
        null
      ],
      "/Users/inceptor/Projects/wdi-6/10-advanced/fruitstore_app/config/environment.rb": [
        null,
        1,
        null,
        null,
        1
      ],
      "/Users/inceptor/Projects/wdi-6/10-advanced/fruitstore_app/config/application.rb": [
        1,
        null,
        null,
        1,
        1,
        1,
        1,
        1,
        1,
        null,
        null,
        null,
        null,
        1,
        null,
        1,
        1,
        null,
        null,
        null,
        null,
        null,
        null,
        null,
        null,
        null,
        null,
        null,
        null,
        null
      ],
      "/Users/inceptor/Projects/wdi-6/10-advanced/fruitstore_app/config/boot.rb": [
        null,
        1,
        null,
        1
      ],
      "/Users/inceptor/Projects/wdi-6/10-advanced/fruitstore_app/config/environments/test.rb": [
        1,
        null,
        null,
        null,
        null,
        null,
        null,
        1,
        null,
        null,
        null,
        null,
        1,
        null,
        null,
        1,
        1,
        null,
        null,
        1,
        1,
        null,
        null,
        1,
        null,
        null,
        1,
        null,
        null,
        null,
        null,
        1,
        null,
        null,
        1,
        null,
        null,
        null,
        null
      ],
      "/Users/inceptor/Projects/wdi-6/10-advanced/fruitstore_app/config/initializers/assets.rb": [
        null,
        null,
        null,
        1,
        null,
        null,
        null,
        null
      ],
      "/Users/inceptor/Projects/wdi-6/10-advanced/fruitstore_app/config/initializers/backtrace_silencers.rb": [
        null,
        null,
        null,
        null,
        null,
        null,
        null
      ],
      "/Users/inceptor/Projects/wdi-6/10-advanced/fruitstore_app/config/initializers/cookies_serializer.rb": [
        null,
        null,
        1
      ],
      "/Users/inceptor/Projects/wdi-6/10-advanced/fruitstore_app/config/initializers/filter_parameter_logging.rb": [
        null,
        null,
        null,
        1
      ],
      "/Users/inceptor/Projects/wdi-6/10-advanced/fruitstore_app/config/initializers/inflections.rb": [
        null,
        null,
        null,
        null,
        null,
        null,
        null,
        null,
        null,
        null,
        null,
        null,
        null,
        null,
        null,
        null
      ],
      "/Users/inceptor/Projects/wdi-6/10-advanced/fruitstore_app/config/initializers/mime_types.rb": [
        null,
        null,
        null,
        null
      ],
      "/Users/inceptor/Projects/wdi-6/10-advanced/fruitstore_app/config/initializers/session_store.rb": [
        null,
        null,
        1
      ],
      "/Users/inceptor/Projects/wdi-6/10-advanced/fruitstore_app/config/initializers/wrap_parameters.rb": [
        null,
        null,
        null,
        null,
        null,
        null,
        1,
        1,
        null,
        null,
        null,
        null,
        null,
        null
      ],
      "/Users/inceptor/Projects/wdi-6/10-advanced/fruitstore_app/config/routes.rb": [
        1,
        1,
        null
      ],
      "/Users/inceptor/Projects/wdi-6/10-advanced/fruitstore_app/app/helpers/application_helper.rb": [
        1,
        null
      ],
      "/Users/inceptor/Projects/wdi-6/10-advanced/fruitstore_app/app/helpers/fruits_helper.rb": [
        1,
        null
      ],
      "/Users/inceptor/Projects/wdi-6/10-advanced/fruitstore_app/app/controllers/fruits_controller.rb": [
        1,
        1,
        6,
        null,
        6,
        6,
        9,
        null,
        null,
        null
      ],
      "/Users/inceptor/Projects/wdi-6/10-advanced/fruitstore_app/app/controllers/application_controller.rb": [
        1,
        null,
        null,
        1,
        null
      ],
      "/Users/inceptor/Projects/wdi-6/10-advanced/fruitstore_app/app/models/fruit.rb": [
        null,
        null,
        null,
        null,
        null,
        null,
        null,
        null,
        null,
        null,
        null,
        1,
        1,
        null
      ]
    },
    "timestamp": 1415851656
  }
}
